Arguments: 
  /usr/local/Cellar/node@8/8.16.2/bin/node /usr/local/Cellar/yarn/1.17.3/libexec/bin/yarn.js add @typescript

PATH: 
  /usr/local/opt/node@8/bin:/Users/ForeignFood/.rvm/gems/ruby-2.0.0-p481@railstutorial_rails_4_0/bin:/Users/ForeignFood/.rvm/gems/ruby-2.0.0-p481@global/bin:/Users/ForeignFood/.rvm/rubies/ruby-2.0.0-p481/bin:/Users/ForeignFood/.nvm/versions/node/v13.2.0/bin:/Users/ForeignFood/google-cloud-sdk/bin:/usr/local/bin:/usr/bin:/bin:/usr/sbin:/sbin:/usr/local/go/bin:/usr/local/share/dotnet:/opt/X11/bin:~/.dotnet/tools:/Library/Frameworks/Mono.framework/Versions/Current/Commands:/usr/local/git/bin:/Users/ForeignFood/bin:/usr/local:/usr/local/bin:/usr/local/share/npm/bin:/usr/local/share/node:/usr/local/bin:/usr/bin:/bin:/usr/sbin:/sbin:/usr/local/go/bin:/usr/local/share/dotnet:/opt/X11/bin:~/.dotnet/tools:/Library/Frameworks/Mono.framework/Versions/Current/Commands:/usr/local/git/bin:/Users/ForeignFood/bin:/Users/ForeignFood/go/bin:/Users/ForeignFood/.rvm/bin:/usr/local/opt/python/libexec/bin:/Users/ForeignFood/Development/go/bin:/usr/local/bin:/usr/local/mysql/bin:/Applications/MAMP/Library/bin/mysql:/Users/ForeignFood/development/bin:/Library/Frameworks/Python.framework/Versions/3.7/bin:/Applications/VisualStudioCode.app/Contents/Resources/app/bin:/usr/Library/Java/JavaVirtualMachines/jdk-12.0.1.jdk/Contents/Home/bin:/Users/ForeignFood/flutter/bin:/Users/ForeignFood/.pub-cache/bin:/Users/ForeignFood/.dotnet/tools

Yarn version: 
  1.17.3

Node version: 
  8.16.2

Platform: 
  darwin x64

Trace: 
  Error: https://registry.yarnpkg.com/@typescript: Request "https://registry.yarnpkg.com/@typescript" returned a 405
      at Request.params.callback [as _callback] (/usr/local/Cellar/yarn/1.17.3/libexec/lib/cli.js:66839:18)
      at Request.self.callback (/usr/local/Cellar/yarn/1.17.3/libexec/lib/cli.js:140464:22)
      at emitTwo (events.js:126:13)
      at Request.emit (events.js:214:7)
      at Request.<anonymous> (/usr/local/Cellar/yarn/1.17.3/libexec/lib/cli.js:141436:10)
      at emitOne (events.js:116:13)
      at Request.emit (events.js:211:7)
      at IncomingMessage.<anonymous> (/usr/local/Cellar/yarn/1.17.3/libexec/lib/cli.js:141358:12)
      at Object.onceWrapper (events.js:313:30)
      at emitNone (events.js:111:20)

npm manifest: 
  {
    "name": "change_background_color",
    "version": "1.0.0",
    "description": "JS Beginners Project",
    "main": "index.js",
    "author": "Scott Bergler <commandinghands@gmail.com>",
    "license": "MIT"
  }

yarn manifest: 
  No manifest

Lockfile: 
  No lockfile
